\BOOKMARK [1][-]{section.1}{\376\377\000I\000n\000t\000r\000o\000d\000u\000c\000t\000i\000o\000n}{}% 1
\BOOKMARK [1][-]{section.2}{\376\377\000C\000P\000\040\000M\000o\000d\000e\000l}{}% 2
\BOOKMARK [2][-]{subsection.2.1}{\376\377\000D\000e\000c\000i\000s\000i\000o\000n\000\040\000V\000a\000r\000i\000a\000b\000l\000e\000s}{section.2}% 3
\BOOKMARK [3][-]{subsubsection.2.1.1}{\376\377\000m\000a\000t\000c\000h\000e\000s}{subsection.2.1}% 4
\BOOKMARK [3][-]{subsubsection.2.1.2}{\376\377\000h\000o\000m\000e\000\137\000a\000w\000a\000y}{subsection.2.1}% 5
\BOOKMARK [2][-]{subsection.2.2}{\376\377\000A\000u\000x\000i\000l\000i\000a\000r\000y\000\040\000V\000a\000r\000i\000a\000b\000l\000e\000s}{section.2}% 6
\BOOKMARK [3][-]{subsubsection.2.2.1}{\376\377\000h\000o\000m\000e\000\137\000g\000a\000m\000e\000s}{subsection.2.2}% 7
\BOOKMARK [2][-]{subsection.2.3}{\376\377\000O\000b\000j\000e\000c\000t\000i\000v\000e\000\040\000F\000u\000n\000c\000t\000i\000o\000n}{section.2}% 8
\BOOKMARK [3][-]{subsubsection.2.3.1}{\376\377\000O\000b\000j\000e\000c\000t\000i\000v\000e\000\040\000V\000a\000r\000i\000a\000b\000l\000e\000:\000\040\000m\000a\000x\000\137\000i\000m\000b\000a\000l\000a\000n\000c\000e}{subsection.2.3}% 9
\BOOKMARK [3][-]{subsubsection.2.3.2}{\376\377\000O\000b\000j\000e\000c\000t\000i\000v\000e}{subsection.2.3}% 10
\BOOKMARK [2][-]{subsection.2.4}{\376\377\000C\000o\000n\000s\000t\000r\000a\000i\000n\000t\000s}{section.2}% 11
\BOOKMARK [3][-]{subsubsection.2.4.1}{\376\377\000C\000o\000r\000e\000\040\000C\000o\000n\000s\000t\000r\000a\000i\000n\000t\000s}{subsection.2.4}% 12
\BOOKMARK [3][-]{subsubsection.2.4.2}{\376\377\000I\000m\000p\000l\000i\000e\000d\000\040\000C\000o\000n\000s\000t\000r\000a\000i\000n\000t\000s}{subsection.2.4}% 13
\BOOKMARK [3][-]{subsubsection.2.4.3}{\376\377\000S\000y\000m\000m\000e\000t\000r\000y\000\040\000B\000r\000e\000a\000k\000i\000n\000g\000\040\000C\000o\000n\000s\000t\000r\000a\000i\000n\000t\000s}{subsection.2.4}% 14
\BOOKMARK [2][-]{subsection.2.5}{\376\377\000V\000a\000l\000i\000d\000a\000t\000i\000o\000n}{section.2}% 15
\BOOKMARK [3][-]{subsubsection.2.5.1}{\376\377\000E\000x\000p\000e\000r\000i\000m\000e\000n\000t\000a\000l\000\040\000D\000e\000s\000i\000g\000n}{subsection.2.5}% 16
\BOOKMARK [3][-]{subsubsection.2.5.2}{\376\377\000E\000x\000p\000e\000r\000i\000m\000e\000n\000t\000a\000l\000\040\000R\000e\000s\000u\000l\000t\000s}{subsection.2.5}% 17
\BOOKMARK [1][-]{section.3}{\376\377\000M\000I\000P}{}% 18
\BOOKMARK [2][-]{subsection.3.1}{\376\377\000D\000e\000c\000i\000s\000i\000o\000n\000\040\000v\000a\000r\000i\000a\000b\000l\000e\000s}{section.3}% 19
\BOOKMARK [3][-]{subsubsection.3.1.1}{\376\377\000m\000a\000t\000c\000h\000e\000s}{subsection.3.1}% 20
\BOOKMARK [3][-]{subsubsection.3.1.2}{\376\377\000s\000l\000o\000t\000s}{subsection.3.1}% 21
\BOOKMARK [3][-]{subsubsection.3.1.3}{\376\377\000t\000e\000a\000m\000\040\000p\000e\000r\000i\000o\000d\000s\000\040\000o\000f\000\040\000p\000l\000a\000y}{subsection.3.1}% 22
\BOOKMARK [3][-]{subsubsection.3.1.4}{\376\377\000h\000o\000m\000e\000\040\000g\000a\000m\000e\000s\000\040\000c\000o\000u\000n\000t\000e\000r}{subsection.3.1}% 23
\BOOKMARK [2][-]{subsection.3.2}{\376\377\000O\000b\000j\000e\000c\000t\000i\000v\000e\000\040\000v\000a\000r\000i\000a\000b\000l\000e\000s}{section.3}% 24
\BOOKMARK [2][-]{subsection.3.3}{\376\377\000C\000o\000n\000s\000t\000r\000a\000i\000n\000t\000s}{section.3}% 25
\BOOKMARK [3][-]{subsubsection.3.3.1}{\376\377\000p\000e\000r\000i\000o\000d\000s\000\040\000a\000n\000d\000\040\000m\000a\000t\000c\000h\000e\000s}{subsection.3.3}% 26
\BOOKMARK [3][-]{subsubsection.3.3.2}{\376\377\000t\000e\000a\000m\000\040\000p\000l\000a\000y\000i\000n\000g\000\040\000a\000t\000\040\000m\000o\000s\000t\000\040\000t\000w\000i\000c\000e\000\040\000i\000n\000\040\000t\000h\000e\000\040\000s\000a\000m\000e\000\040\000p\000e\000r\000i\000o\000d}{subsection.3.3}% 27
\BOOKMARK [2][-]{subsection.3.4}{\376\377\000V\000a\000l\000i\000d\000a\000t\000i\000o\000n}{section.3}% 28
\BOOKMARK [1][-]{section.4}{\376\377\000S\000A\000T\000\040\000M\000o\000d\000e\000l}{}% 29
\BOOKMARK [2][-]{subsection.4.1}{\376\377\000D\000e\000c\000i\000s\000i\000o\000n\000\040\000v\000a\000r\000i\000a\000b\000l\000e\000s}{section.4}% 30
\BOOKMARK [2][-]{subsection.4.2}{\376\377\000O\000b\000j\000e\000c\000t\000i\000v\000e\000\040\000f\000u\000n\000c\000t\000i\000o\000n}{section.4}% 31
\BOOKMARK [2][-]{subsection.4.3}{\376\377\000C\000o\000n\000s\000t\000r\000a\000i\000n\000t\000s}{section.4}% 32
\BOOKMARK [3][-]{subsubsection.4.3.1}{\376\377\000E\000v\000e\000r\000y\000\040\000t\000e\000a\000m\000\040\000p\000l\000a\000y\000s\000\040\000o\000n\000c\000e\000\040\000a\000\040\000w\000e\000e\000k}{subsection.4.3}% 33
\BOOKMARK [3][-]{subsubsection.4.3.2}{\376\377\000E\000v\000e\000r\000y\000\040\000t\000e\000a\000m\000\040\000p\000l\000a\000y\000s\000\040\000a\000t\000\040\000m\000o\000s\000t\000\040\000t\000w\000i\000c\000e\000\040\000i\000n\000\040\000t\000h\000e\000\040\000s\000a\000m\000e\000\040\000p\000e\000r\000i\000o\000d}{subsection.4.3}% 34
\BOOKMARK [2][-]{subsection.4.4}{\376\377\000V\000a\000l\000i\000d\000a\000t\000i\000o\000n}{section.4}% 35
\BOOKMARK [3][-]{subsubsection.4.4.1}{\376\377\000E\000x\000p\000e\000r\000i\000m\000e\000n\000t\000a\000l\000\040\000d\000e\000s\000i\000g\000n}{subsection.4.4}% 36
\BOOKMARK [3][-]{subsubsection.4.4.2}{\376\377\000E\000x\000p\000e\000r\000i\000m\000e\000n\000t\000a\000l\000\040\000r\000e\000s\000u\000l\000t\000s}{subsection.4.4}% 37
\BOOKMARK [2][-]{subsection.4.5}{\376\377\000A\000u\000x\000i\000l\000i\000a\000r\000y\000\040\000V\000a\000r\000i\000a\000b\000l\000e\000s}{section.4}% 38
\BOOKMARK [3][-]{subsubsection.4.5.1}{\376\377\000h\000o\000m\000e\000\137\000g\000a\000m\000e\000s}{subsection.4.5}% 39
\BOOKMARK [2][-]{subsection.4.6}{\376\377\000O\000b\000j\000e\000c\000t\000i\000v\000e\000\040\000F\000u\000n\000c\000t\000i\000o\000n}{section.4}% 40
\BOOKMARK [3][-]{subsubsection.4.6.1}{\376\377\000O\000b\000j\000e\000c\000t\000i\000v\000e\000\040\000V\000a\000r\000i\000a\000b\000l\000e\000:\000\040\000m\000a\000x\000\137\000i\000m\000b\000a\000l\000a\000n\000c\000e}{subsection.4.6}% 41
\BOOKMARK [3][-]{subsubsection.4.6.2}{\376\377\000O\000b\000j\000e\000c\000t\000i\000v\000e}{subsection.4.6}% 42
\BOOKMARK [2][-]{subsection.4.7}{\376\377\000C\000o\000n\000s\000t\000r\000a\000i\000n\000t\000s}{section.4}% 43
\BOOKMARK [3][-]{subsubsection.4.7.1}{\376\377\000C\000o\000r\000e\000\040\000C\000o\000n\000s\000t\000r\000a\000i\000n\000t\000s}{subsection.4.7}% 44
\BOOKMARK [3][-]{subsubsection.4.7.2}{\376\377\000I\000m\000p\000l\000i\000e\000d\000\040\000C\000o\000n\000s\000t\000r\000a\000i\000n\000t\000s}{subsection.4.7}% 45
\BOOKMARK [3][-]{subsubsection.4.7.3}{\376\377\000S\000y\000m\000m\000e\000t\000r\000y\000\040\000B\000r\000e\000a\000k\000i\000n\000g\000\040\000C\000o\000n\000s\000t\000r\000a\000i\000n\000t\000s}{subsection.4.7}% 46
\BOOKMARK [2][-]{subsection.4.8}{\376\377\000V\000a\000l\000i\000d\000a\000t\000i\000o\000n}{section.4}% 47
\BOOKMARK [3][-]{subsubsection.4.8.1}{\376\377\000E\000x\000p\000e\000r\000i\000m\000e\000n\000t\000a\000l\000\040\000D\000e\000s\000i\000g\000n}{subsection.4.8}% 48
\BOOKMARK [3][-]{subsubsection.4.8.2}{\376\377\000E\000x\000p\000e\000r\000i\000m\000e\000n\000t\000a\000l\000\040\000R\000e\000s\000u\000l\000t\000s}{subsection.4.8}% 49
\BOOKMARK [1][-]{section.5}{\376\377\000M\000I\000P}{}% 50
\BOOKMARK [2][-]{subsection.5.1}{\376\377\000D\000e\000c\000i\000s\000i\000o\000n\000\040\000v\000a\000r\000i\000a\000b\000l\000e\000s}{section.5}% 51
\BOOKMARK [3][-]{subsubsection.5.1.1}{\376\377\000m\000a\000t\000c\000h\000e\000s}{subsection.5.1}% 52
\BOOKMARK [3][-]{subsubsection.5.1.2}{\376\377\000s\000l\000o\000t\000s}{subsection.5.1}% 53
\BOOKMARK [3][-]{subsubsection.5.1.3}{\376\377\000t\000e\000a\000m\000\040\000p\000e\000r\000i\000o\000d\000s\000\040\000o\000f\000\040\000p\000l\000a\000y}{subsection.5.1}% 54
\BOOKMARK [3][-]{subsubsection.5.1.4}{\376\377\000h\000o\000m\000e\000\040\000g\000a\000m\000e\000s\000\040\000c\000o\000u\000n\000t\000e\000r}{subsection.5.1}% 55
\BOOKMARK [2][-]{subsection.5.2}{\376\377\000O\000b\000j\000e\000c\000t\000i\000v\000e\000\040\000v\000a\000r\000i\000a\000b\000l\000e\000s}{section.5}% 56
\BOOKMARK [2][-]{subsection.5.3}{\376\377\000C\000o\000n\000s\000t\000r\000a\000i\000n\000t\000s}{section.5}% 57
\BOOKMARK [3][-]{subsubsection.5.3.1}{\376\377\000p\000e\000r\000i\000o\000d\000s\000\040\000a\000n\000d\000\040\000m\000a\000t\000c\000h\000e\000s}{subsection.5.3}% 58
\BOOKMARK [3][-]{subsubsection.5.3.2}{\376\377\000t\000e\000a\000m\000\040\000p\000l\000a\000y\000i\000n\000g\000\040\000a\000t\000\040\000m\000o\000s\000t\000\040\000t\000w\000i\000c\000e\000\040\000i\000n\000\040\000t\000h\000e\000\040\000s\000a\000m\000e\000\040\000p\000e\000r\000i\000o\000d}{subsection.5.3}% 59
\BOOKMARK [2][-]{subsection.5.4}{\376\377\000V\000a\000l\000i\000d\000a\000t\000i\000o\000n}{section.5}% 60
\BOOKMARK [2][-]{subsection.5.5}{\376\377\000D\000e\000c\000i\000s\000i\000o\000n\000\040\000V\000a\000r\000i\000a\000b\000l\000e\000s}{section.5}% 61
\BOOKMARK [2][-]{subsection.5.6}{\376\377\000O\000b\000j\000e\000c\000t\000i\000v\000e\000\040\000F\000u\000n\000c\000t\000i\000o\000n}{section.5}% 62
\BOOKMARK [2][-]{subsection.5.7}{\376\377\000C\000o\000n\000s\000t\000r\000a\000i\000n\000t\000s}{section.5}% 63
\BOOKMARK [2][-]{subsection.5.8}{\376\377\000V\000a\000l\000i\000d\000a\000t\000i\000o\000n}{section.5}% 64
